The system is: Linux - 4.4.0-119-generic - x86_64
Compiling the C compiler identification source file "CMakeCCompilerId.c" succeeded.
Compiler: /opt/fsl-imx-fb/4.1.15-1.1.1/sysroots/x86_64-pokysdk-linux/usr/bin/arm-poky-linux-gnueabi/arm-poky-linux-gnueabi-gcc 
Build flags: ;;;--sysroot=/opt/fsl-imx-fb/4.1.15-1.1.1/sysroots/cortexa9hf-vfp-neon-poky-linux-gnueabi;;-march=armv7-a;-mfloat-abi=hard;-mfpu=neon;-mtune=cortex-a9;
Id flags: 

The output was:
0


Compilation of the C compiler identification source "CMakeCCompilerId.c" produced "a.out"

The C compiler identification is GNU, found in "/home/hinoeng/workspace/Eclipse/uartloop/Debug/CMakeFiles/3.5.1/CompilerIdC/a.out"

Compiling the CXX compiler identification source file "CMakeCXXCompilerId.cpp" succeeded.
Compiler: /opt/fsl-imx-fb/4.1.15-1.1.1/sysroots/x86_64-pokysdk-linux/usr/bin/arm-poky-linux-gnueabi/arm-poky-linux-gnueabi-g++ 
Build flags: ;;;--sysroot=/opt/fsl-imx-fb/4.1.15-1.1.1/sysroots/cortexa9hf-vfp-neon-poky-linux-gnueabi;;-march=armv7-a;-mfloat-abi=hard;-mfpu=neon;-mtune=cortex-a9;;-fpermissive
Id flags: 

The output was:
0


Compilation of the CXX compiler identification source "CMakeCXXCompilerId.cpp" produced "a.out"

The CXX compiler identification is GNU, found in "/home/hinoeng/workspace/Eclipse/uartloop/Debug/CMakeFiles/3.5.1/CompilerIdCXX/a.out"

Determining if the C compiler works passed with the following output:
Change Dir: /home/hinoeng/workspace/Eclipse/uartloop/Debug/CMakeFiles/CMakeTmp

Run Build Command:"/usr/bin/make" "cmTC_290d3/fast"
/usr/bin/make -f CMakeFiles/cmTC_290d3.dir/build.make CMakeFiles/cmTC_290d3.dir/build
make[1]: Entering directory '/home/hinoeng/workspace/Eclipse/uartloop/Debug/CMakeFiles/CMakeTmp'
Building C object CMakeFiles/cmTC_290d3.dir/testCCompiler.c.o
/opt/fsl-imx-fb/4.1.15-1.1.1/sysroots/x86_64-pokysdk-linux/usr/bin/arm-poky-linux-gnueabi/arm-poky-linux-gnueabi-gcc    --sysroot=/opt/fsl-imx-fb/4.1.15-1.1.1/sysroots/cortexa9hf-vfp-neon-poky-linux-gnueabi  -march=armv7-a -mfloat-abi=hard -mfpu=neon -mtune=cortex-a9     -o CMakeFiles/cmTC_290d3.dir/testCCompiler.c.o   -c /home/hinoeng/workspace/Eclipse/uartloop/Debug/CMakeFiles/CMakeTmp/testCCompiler.c
Linking C executable cmTC_290d3
/usr/bin/cmake -E cmake_link_script CMakeFiles/cmTC_290d3.dir/link.txt --verbose=1
/opt/fsl-imx-fb/4.1.15-1.1.1/sysroots/x86_64-pokysdk-linux/usr/bin/arm-poky-linux-gnueabi/arm-poky-linux-gnueabi-gcc     --sysroot=/opt/fsl-imx-fb/4.1.15-1.1.1/sysroots/cortexa9hf-vfp-neon-poky-linux-gnueabi  -march=armv7-a -mfloat-abi=hard -mfpu=neon -mtune=cortex-a9      --sysroot=/opt/fsl-imx-fb/4.1.15-1.1.1/sysroots/cortexa9hf-vfp-neon-poky-linux-gnueabi  CMakeFiles/cmTC_290d3.dir/testCCompiler.c.o  -o cmTC_290d3 -rdynamic 
make[1]: Leaving directory '/home/hinoeng/workspace/Eclipse/uartloop/Debug/CMakeFiles/CMakeTmp'


Detecting C compiler ABI info compiled with the following output:
Change Dir: /home/hinoeng/workspace/Eclipse/uartloop/Debug/CMakeFiles/CMakeTmp

Run Build Command:"/usr/bin/make" "cmTC_48068/fast"
/usr/bin/make -f CMakeFiles/cmTC_48068.dir/build.make CMakeFiles/cmTC_48068.dir/build
make[1]: Entering directory '/home/hinoeng/workspace/Eclipse/uartloop/Debug/CMakeFiles/CMakeTmp'
Building C object CMakeFiles/cmTC_48068.dir/CMakeCCompilerABI.c.o
/opt/fsl-imx-fb/4.1.15-1.1.1/sysroots/x86_64-pokysdk-linux/usr/bin/arm-poky-linux-gnueabi/arm-poky-linux-gnueabi-gcc    --sysroot=/opt/fsl-imx-fb/4.1.15-1.1.1/sysroots/cortexa9hf-vfp-neon-poky-linux-gnueabi  -march=armv7-a -mfloat-abi=hard -mfpu=neon -mtune=cortex-a9     -o CMakeFiles/cmTC_48068.dir/CMakeCCompilerABI.c.o   -c /usr/share/cmake-3.5/Modules/CMakeCCompilerABI.c
Linking C executable cmTC_48068
/usr/bin/cmake -E cmake_link_script CMakeFiles/cmTC_48068.dir/link.txt --verbose=1
/opt/fsl-imx-fb/4.1.15-1.1.1/sysroots/x86_64-pokysdk-linux/usr/bin/arm-poky-linux-gnueabi/arm-poky-linux-gnueabi-gcc     --sysroot=/opt/fsl-imx-fb/4.1.15-1.1.1/sysroots/cortexa9hf-vfp-neon-poky-linux-gnueabi  -march=armv7-a -mfloat-abi=hard -mfpu=neon -mtune=cortex-a9      --sysroot=/opt/fsl-imx-fb/4.1.15-1.1.1/sysroots/cortexa9hf-vfp-neon-poky-linux-gnueabi -v CMakeFiles/cmTC_48068.dir/CMakeCCompilerABI.c.o  -o cmTC_48068 -rdynamic  
Using built-in specs.
COLLECT_GCC=/opt/fsl-imx-fb/4.1.15-1.1.1/sysroots/x86_64-pokysdk-linux/usr/bin/arm-poky-linux-gnueabi/arm-poky-linux-gnueabi-gcc
COLLECT_LTO_WRAPPER=/opt/fsl-imx-fb/4.1.15-1.1.1/sysroots/x86_64-pokysdk-linux/usr/libexec/arm-poky-linux-gnueabi/gcc/arm-poky-linux-gnueabi/5.2.0/lto-wrapper
Target: arm-poky-linux-gnueabi
Configured with: /home/hinoeng/yocto/fsl-release-bsp/build-imx6solohinoeng/tmp/work-shared/gcc-5.2.0-r0/gcc-5.2.0/configure --build=x86_64-linux --host=x86_64-pokysdk-linux --target=arm-poky-linux-gnueabi --prefix=/opt/fsl-imx-fb/4.1.15-1.1.1/sysroots/x86_64-pokysdk-linux/usr --exec_prefix=/opt/fsl-imx-fb/4.1.15-1.1.1/sysroots/x86_64-pokysdk-linux/usr --bindir=/opt/fsl-imx-fb/4.1.15-1.1.1/sysroots/x86_64-pokysdk-linux/usr/bin/arm-poky-linux-gnueabi --sbindir=/opt/fsl-imx-fb/4.1.15-1.1.1/sysroots/x86_64-pokysdk-linux/usr/bin/arm-poky-linux-gnueabi --libexecdir=/opt/fsl-imx-fb/4.1.15-1.1.1/sysroots/x86_64-pokysdk-linux/usr/libexec/arm-poky-linux-gnueabi --datadir=/opt/fsl-imx-fb/4.1.15-1.1.1/sysroots/x86_64-pokysdk-linux/usr/share --sysconfdir=/opt/fsl-imx-fb/4.1.15-1.1.1/sysroots/x86_64-pokysdk-linux/etc --sharedstatedir=/opt/fsl-imx-fb/4.1.15-1.1.1/sysroots/x86_64-pokysdk-linux/com --localstatedir=/opt/fsl-imx-fb/4.1.15-1.1.1/sysroots/x86_64-pokysdk-linux/var --libdir=/opt/fsl-imx-fb/4.1.15-1.1.1/sysroots/x86_64-pokysdk-linux/usr/lib/arm-poky-linux-gnueabi --includedir=/opt/fsl-imx-fb/4.1.15-1.1.1/sysroots/x86_64-pokysdk-linux/usr/include --oldincludedir=/opt/fsl-imx-fb/4.1.15-1.1.1/sysroots/x86_64-pokysdk-linux/usr/include --infodir=/opt/fsl-imx-fb/4.1.15-1.1.1/sysroots/x86_64-pokysdk-linux/usr/share/info --mandir=/opt/fsl-imx-fb/4.1.15-1.1.1/sysroots/x86_64-pokysdk-linux/usr/share/man --disable-silent-rules --disable-dependency-tracking --with-libtool-sysroot=/home/hinoeng/yocto/fsl-release-bsp/build-imx6solohinoeng/tmp/sysroots/x86_64-nativesdk-pokysdk-linux --with-gnu-ld --enable-shared --enable-languages=c,c++ --enable-threads=posix --enable-multilib --enable-c99 --enable-long-long --enable-symvers=gnu --enable-libstdcxx-pch --program-prefix=arm-poky-linux-gnueabi- --without-local-prefix --enable-target-optspace --enable-lto --enable-libssp --disable-bootstrap --disable-libmudflap --with-system-zlib --with-linker-hash-style=gnu --enable-linker-build-id --with-ppl=no --with-cloog=no --enable-checking=release --enable-cheaders=c_global --without-isl --with-gxx-include-dir=/not/exist/usr/include/c++/5.2.0 --with-build-time-tools=/home/hinoeng/yocto/fsl-release-bsp/build-imx6solohinoeng/tmp/sysroots/x86_64-linux/usr/arm-poky-linux-gnueabi/bin --with-sysroot=/not/exist --with-build-sysroot=/home/hinoeng/yocto/fsl-release-bsp/build-imx6solohinoeng/tmp/sysroots/imx6solohinoeng --enable-poison-system-directories --with-mpfr=/home/hinoeng/yocto/fsl-release-bsp/build-imx6solohinoeng/tmp/sysroots/x86_64-nativesdk-pokysdk-linux --with-mpc=/home/hinoeng/yocto/fsl-release-bsp/build-imx6solohinoeng/tmp/sysroots/x86_64-nativesdk-pokysdk-linux --enable-nls --with-arch=armv7-a
Thread model: posix
gcc version 5.2.0 (GCC) 
COMPILER_PATH=/opt/fsl-imx-fb/4.1.15-1.1.1/sysroots/x86_64-pokysdk-linux/usr/libexec/arm-poky-linux-gnueabi/gcc/arm-poky-linux-gnueabi/5.2.0/:/opt/fsl-imx-fb/4.1.15-1.1.1/sysroots/x86_64-pokysdk-linux/usr/libexec/arm-poky-linux-gnueabi/gcc/arm-poky-linux-gnueabi/5.2.0/:/opt/fsl-imx-fb/4.1.15-1.1.1/sysroots/x86_64-pokysdk-linux/usr/libexec/arm-poky-linux-gnueabi/gcc/arm-poky-linux-gnueabi/:/opt/fsl-imx-fb/4.1.15-1.1.1/sysroots/x86_64-pokysdk-linux/usr/lib/arm-poky-linux-gnueabi/gcc/arm-poky-linux-gnueabi/5.2.0/:/opt/fsl-imx-fb/4.1.15-1.1.1/sysroots/x86_64-pokysdk-linux/usr/lib/arm-poky-linux-gnueabi/gcc/arm-poky-linux-gnueabi/
LIBRARY_PATH=/opt/fsl-imx-fb/4.1.15-1.1.1/sysroots/x86_64-pokysdk-linux/usr/lib/arm-poky-linux-gnueabi/gcc/arm-poky-linux-gnueabi/5.2.0/:/opt/fsl-imx-fb/4.1.15-1.1.1/sysroots/cortexa9hf-vfp-neon-poky-linux-gnueabi/lib/:/opt/fsl-imx-fb/4.1.15-1.1.1/sysroots/cortexa9hf-vfp-neon-poky-linux-gnueabi/usr/lib/arm-poky-linux-gnueabi/5.2.0/:/opt/fsl-imx-fb/4.1.15-1.1.1/sysroots/cortexa9hf-vfp-neon-poky-linux-gnueabi/usr/lib/
COLLECT_GCC_OPTIONS='--sysroot=/opt/fsl-imx-fb/4.1.15-1.1.1/sysroots/cortexa9hf-vfp-neon-poky-linux-gnueabi' '-march=armv7-a' '-mfloat-abi=hard' '-mfpu=neon' '-mtune=cortex-a9' '-v' '-o' 'cmTC_48068' '-rdynamic' '-mtls-dialect=gnu'
 /opt/fsl-imx-fb/4.1.15-1.1.1/sysroots/x86_64-pokysdk-linux/usr/libexec/arm-poky-linux-gnueabi/gcc/arm-poky-linux-gnueabi/5.2.0/collect2 -plugin /opt/fsl-imx-fb/4.1.15-1.1.1/sysroots/x86_64-pokysdk-linux/usr/libexec/arm-poky-linux-gnueabi/gcc/arm-poky-linux-gnueabi/5.2.0/liblto_plugin.so -plugin-opt=/opt/fsl-imx-fb/4.1.15-1.1.1/sysroots/x86_64-pokysdk-linux/usr/libexec/arm-poky-linux-gnueabi/gcc/arm-poky-linux-gnueabi/5.2.0/lto-wrapper -plugin-opt=-fresolution=/tmp/ccTye86j.res -plugin-opt=-pass-through=-lgcc -plugin-opt=-pass-through=-lgcc_s -plugin-opt=-pass-through=-lc -plugin-opt=-pass-through=-lgcc -plugin-opt=-pass-through=-lgcc_s --sysroot=/opt/fsl-imx-fb/4.1.15-1.1.1/sysroots/cortexa9hf-vfp-neon-poky-linux-gnueabi --build-id --eh-frame-hdr --hash-style=gnu -export-dynamic -dynamic-linker /lib/ld-linux-armhf.so.3 -X -m armelf_linux_eabi -o cmTC_48068 /opt/fsl-imx-fb/4.1.15-1.1.1/sysroots/cortexa9hf-vfp-neon-poky-linux-gnueabi/usr/lib/crt1.o /opt/fsl-imx-fb/4.1.15-1.1.1/sysroots/cortexa9hf-vfp-neon-poky-linux-gnueabi/usr/lib/crti.o /opt/fsl-imx-fb/4.1.15-1.1.1/sysroots/cortexa9hf-vfp-neon-poky-linux-gnueabi/usr/lib/arm-poky-linux-gnueabi/5.2.0/crtbegin.o -L/opt/fsl-imx-fb/4.1.15-1.1.1/sysroots/x86_64-pokysdk-linux/usr/lib/arm-poky-linux-gnueabi/gcc/arm-poky-linux-gnueabi/5.2.0 -L/opt/fsl-imx-fb/4.1.15-1.1.1/sysroots/cortexa9hf-vfp-neon-poky-linux-gnueabi/lib -L/opt/fsl-imx-fb/4.1.15-1.1.1/sysroots/cortexa9hf-vfp-neon-poky-linux-gnueabi/usr/lib/arm-poky-linux-gnueabi/5.2.0 -L/opt/fsl-imx-fb/4.1.15-1.1.1/sysroots/cortexa9hf-vfp-neon-poky-linux-gnueabi/usr/lib CMakeFiles/cmTC_48068.dir/CMakeCCompilerABI.c.o -lgcc --as-needed -lgcc_s --no-as-needed -lc -lgcc --as-needed -lgcc_s --no-as-needed /opt/fsl-imx-fb/4.1.15-1.1.1/sysroots/cortexa9hf-vfp-neon-poky-linux-gnueabi/usr/lib/arm-poky-linux-gnueabi/5.2.0/crtend.o /opt/fsl-imx-fb/4.1.15-1.1.1/sysroots/cortexa9hf-vfp-neon-poky-linux-gnueabi/usr/lib/crtn.o
make[1]: Leaving directory '/home/hinoeng/workspace/Eclipse/uartloop/Debug/CMakeFiles/CMakeTmp'


Parsed C implicit link information from above output:
  link line regex: [^( *|.*[/\])(CMAKE_LINKER-NOTFOUND|([^/\]+-)?ld|collect2)[^/\]*( |$)]
  ignore line: [Change Dir: /home/hinoeng/workspace/Eclipse/uartloop/Debug/CMakeFiles/CMakeTmp]
  ignore line: []
  ignore line: [Run Build Command:"/usr/bin/make" "cmTC_48068/fast"]
  ignore line: [/usr/bin/make -f CMakeFiles/cmTC_48068.dir/build.make CMakeFiles/cmTC_48068.dir/build]
  ignore line: [make[1]: Entering directory '/home/hinoeng/workspace/Eclipse/uartloop/Debug/CMakeFiles/CMakeTmp']
  ignore line: [Building C object CMakeFiles/cmTC_48068.dir/CMakeCCompilerABI.c.o]
  ignore line: [/opt/fsl-imx-fb/4.1.15-1.1.1/sysroots/x86_64-pokysdk-linux/usr/bin/arm-poky-linux-gnueabi/arm-poky-linux-gnueabi-gcc    --sysroot=/opt/fsl-imx-fb/4.1.15-1.1.1/sysroots/cortexa9hf-vfp-neon-poky-linux-gnueabi  -march=armv7-a -mfloat-abi=hard -mfpu=neon -mtune=cortex-a9     -o CMakeFiles/cmTC_48068.dir/CMakeCCompilerABI.c.o   -c /usr/share/cmake-3.5/Modules/CMakeCCompilerABI.c]
  ignore line: [Linking C executable cmTC_48068]
  ignore line: [/usr/bin/cmake -E cmake_link_script CMakeFiles/cmTC_48068.dir/link.txt --verbose=1]
  ignore line: [/opt/fsl-imx-fb/4.1.15-1.1.1/sysroots/x86_64-pokysdk-linux/usr/bin/arm-poky-linux-gnueabi/arm-poky-linux-gnueabi-gcc     --sysroot=/opt/fsl-imx-fb/4.1.15-1.1.1/sysroots/cortexa9hf-vfp-neon-poky-linux-gnueabi  -march=armv7-a -mfloat-abi=hard -mfpu=neon -mtune=cortex-a9      --sysroot=/opt/fsl-imx-fb/4.1.15-1.1.1/sysroots/cortexa9hf-vfp-neon-poky-linux-gnueabi -v CMakeFiles/cmTC_48068.dir/CMakeCCompilerABI.c.o  -o cmTC_48068 -rdynamic  ]
  ignore line: [Using built-in specs.]
  ignore line: [COLLECT_GCC=/opt/fsl-imx-fb/4.1.15-1.1.1/sysroots/x86_64-pokysdk-linux/usr/bin/arm-poky-linux-gnueabi/arm-poky-linux-gnueabi-gcc]
  ignore line: [COLLECT_LTO_WRAPPER=/opt/fsl-imx-fb/4.1.15-1.1.1/sysroots/x86_64-pokysdk-linux/usr/libexec/arm-poky-linux-gnueabi/gcc/arm-poky-linux-gnueabi/5.2.0/lto-wrapper]
  ignore line: [Target: arm-poky-linux-gnueabi]
  ignore line: [Configured with: /home/hinoeng/yocto/fsl-release-bsp/build-imx6solohinoeng/tmp/work-shared/gcc-5.2.0-r0/gcc-5.2.0/configure --build=x86_64-linux --host=x86_64-pokysdk-linux --target=arm-poky-linux-gnueabi --prefix=/opt/fsl-imx-fb/4.1.15-1.1.1/sysroots/x86_64-pokysdk-linux/usr --exec_prefix=/opt/fsl-imx-fb/4.1.15-1.1.1/sysroots/x86_64-pokysdk-linux/usr --bindir=/opt/fsl-imx-fb/4.1.15-1.1.1/sysroots/x86_64-pokysdk-linux/usr/bin/arm-poky-linux-gnueabi --sbindir=/opt/fsl-imx-fb/4.1.15-1.1.1/sysroots/x86_64-pokysdk-linux/usr/bin/arm-poky-linux-gnueabi --libexecdir=/opt/fsl-imx-fb/4.1.15-1.1.1/sysroots/x86_64-pokysdk-linux/usr/libexec/arm-poky-linux-gnueabi --datadir=/opt/fsl-imx-fb/4.1.15-1.1.1/sysroots/x86_64-pokysdk-linux/usr/share --sysconfdir=/opt/fsl-imx-fb/4.1.15-1.1.1/sysroots/x86_64-pokysdk-linux/etc --sharedstatedir=/opt/fsl-imx-fb/4.1.15-1.1.1/sysroots/x86_64-pokysdk-linux/com --localstatedir=/opt/fsl-imx-fb/4.1.15-1.1.1/sysroots/x86_64-pokysdk-linux/var --libdir=/opt/fsl-imx-fb/4.1.15-1.1.1/sysroots/x86_64-pokysdk-linux/usr/lib/arm-poky-linux-gnueabi --includedir=/opt/fsl-imx-fb/4.1.15-1.1.1/sysroots/x86_64-pokysdk-linux/usr/include --oldincludedir=/opt/fsl-imx-fb/4.1.15-1.1.1/sysroots/x86_64-pokysdk-linux/usr/include --infodir=/opt/fsl-imx-fb/4.1.15-1.1.1/sysroots/x86_64-pokysdk-linux/usr/share/info --mandir=/opt/fsl-imx-fb/4.1.15-1.1.1/sysroots/x86_64-pokysdk-linux/usr/share/man --disable-silent-rules --disable-dependency-tracking --with-libtool-sysroot=/home/hinoeng/yocto/fsl-release-bsp/build-imx6solohinoeng/tmp/sysroots/x86_64-nativesdk-pokysdk-linux --with-gnu-ld --enable-shared --enable-languages=c,c++ --enable-threads=posix --enable-multilib --enable-c99 --enable-long-long --enable-symvers=gnu --enable-libstdcxx-pch --program-prefix=arm-poky-linux-gnueabi- --without-local-prefix --enable-target-optspace --enable-lto --enable-libssp --disable-bootstrap --disable-libmudflap --with-system-zlib --with-linker-hash-style=gnu --enable-linker-build-id --with-ppl=no --with-cloog=no --enable-checking=release --enable-cheaders=c_global --without-isl --with-gxx-include-dir=/not/exist/usr/include/c++/5.2.0 --with-build-time-tools=/home/hinoeng/yocto/fsl-release-bsp/build-imx6solohinoeng/tmp/sysroots/x86_64-linux/usr/arm-poky-linux-gnueabi/bin --with-sysroot=/not/exist --with-build-sysroot=/home/hinoeng/yocto/fsl-release-bsp/build-imx6solohinoeng/tmp/sysroots/imx6solohinoeng --enable-poison-system-directories --with-mpfr=/home/hinoeng/yocto/fsl-release-bsp/build-imx6solohinoeng/tmp/sysroots/x86_64-nativesdk-pokysdk-linux --with-mpc=/home/hinoeng/yocto/fsl-release-bsp/build-imx6solohinoeng/tmp/sysroots/x86_64-nativesdk-pokysdk-linux --enable-nls --with-arch=armv7-a]
  ignore line: [Thread model: posix]
  ignore line: [gcc version 5.2.0 (GCC) ]
  ignore line: [COMPILER_PATH=/opt/fsl-imx-fb/4.1.15-1.1.1/sysroots/x86_64-pokysdk-linux/usr/libexec/arm-poky-linux-gnueabi/gcc/arm-poky-linux-gnueabi/5.2.0/:/opt/fsl-imx-fb/4.1.15-1.1.1/sysroots/x86_64-pokysdk-linux/usr/libexec/arm-poky-linux-gnueabi/gcc/arm-poky-linux-gnueabi/5.2.0/:/opt/fsl-imx-fb/4.1.15-1.1.1/sysroots/x86_64-pokysdk-linux/usr/libexec/arm-poky-linux-gnueabi/gcc/arm-poky-linux-gnueabi/:/opt/fsl-imx-fb/4.1.15-1.1.1/sysroots/x86_64-pokysdk-linux/usr/lib/arm-poky-linux-gnueabi/gcc/arm-poky-linux-gnueabi/5.2.0/:/opt/fsl-imx-fb/4.1.15-1.1.1/sysroots/x86_64-pokysdk-linux/usr/lib/arm-poky-linux-gnueabi/gcc/arm-poky-linux-gnueabi/]
  ignore line: [LIBRARY_PATH=/opt/fsl-imx-fb/4.1.15-1.1.1/sysroots/x86_64-pokysdk-linux/usr/lib/arm-poky-linux-gnueabi/gcc/arm-poky-linux-gnueabi/5.2.0/:/opt/fsl-imx-fb/4.1.15-1.1.1/sysroots/cortexa9hf-vfp-neon-poky-linux-gnueabi/lib/:/opt/fsl-imx-fb/4.1.15-1.1.1/sysroots/cortexa9hf-vfp-neon-poky-linux-gnueabi/usr/lib/arm-poky-linux-gnueabi/5.2.0/:/opt/fsl-imx-fb/4.1.15-1.1.1/sysroots/cortexa9hf-vfp-neon-poky-linux-gnueabi/usr/lib/]
  ignore line: [COLLECT_GCC_OPTIONS='--sysroot=/opt/fsl-imx-fb/4.1.15-1.1.1/sysroots/cortexa9hf-vfp-neon-poky-linux-gnueabi' '-march=armv7-a' '-mfloat-abi=hard' '-mfpu=neon' '-mtune=cortex-a9' '-v' '-o' 'cmTC_48068' '-rdynamic' '-mtls-dialect=gnu']
  link line: [ /opt/fsl-imx-fb/4.1.15-1.1.1/sysroots/x86_64-pokysdk-linux/usr/libexec/arm-poky-linux-gnueabi/gcc/arm-poky-linux-gnueabi/5.2.0/collect2 -plugin /opt/fsl-imx-fb/4.1.15-1.1.1/sysroots/x86_64-pokysdk-linux/usr/libexec/arm-poky-linux-gnueabi/gcc/arm-poky-linux-gnueabi/5.2.0/liblto_plugin.so -plugin-opt=/opt/fsl-imx-fb/4.1.15-1.1.1/sysroots/x86_64-pokysdk-linux/usr/libexec/arm-poky-linux-gnueabi/gcc/arm-poky-linux-gnueabi/5.2.0/lto-wrapper -plugin-opt=-fresolution=/tmp/ccTye86j.res -plugin-opt=-pass-through=-lgcc -plugin-opt=-pass-through=-lgcc_s -plugin-opt=-pass-through=-lc -plugin-opt=-pass-through=-lgcc -plugin-opt=-pass-through=-lgcc_s --sysroot=/opt/fsl-imx-fb/4.1.15-1.1.1/sysroots/cortexa9hf-vfp-neon-poky-linux-gnueabi --build-id --eh-frame-hdr --hash-style=gnu -export-dynamic -dynamic-linker /lib/ld-linux-armhf.so.3 -X -m armelf_linux_eabi -o cmTC_48068 /opt/fsl-imx-fb/4.1.15-1.1.1/sysroots/cortexa9hf-vfp-neon-poky-linux-gnueabi/usr/lib/crt1.o /opt/fsl-imx-fb/4.1.15-1.1.1/sysroots/cortexa9hf-vfp-neon-poky-linux-gnueabi/usr/lib/crti.o /opt/fsl-imx-fb/4.1.15-1.1.1/sysroots/cortexa9hf-vfp-neon-poky-linux-gnueabi/usr/lib/arm-poky-linux-gnueabi/5.2.0/crtbegin.o -L/opt/fsl-imx-fb/4.1.15-1.1.1/sysroots/x86_64-pokysdk-linux/usr/lib/arm-poky-linux-gnueabi/gcc/arm-poky-linux-gnueabi/5.2.0 -L/opt/fsl-imx-fb/4.1.15-1.1.1/sysroots/cortexa9hf-vfp-neon-poky-linux-gnueabi/lib -L/opt/fsl-imx-fb/4.1.15-1.1.1/sysroots/cortexa9hf-vfp-neon-poky-linux-gnueabi/usr/lib/arm-poky-linux-gnueabi/5.2.0 -L/opt/fsl-imx-fb/4.1.15-1.1.1/sysroots/cortexa9hf-vfp-neon-poky-linux-gnueabi/usr/lib CMakeFiles/cmTC_48068.dir/CMakeCCompilerABI.c.o -lgcc --as-needed -lgcc_s --no-as-needed -lc -lgcc --as-needed -lgcc_s --no-as-needed /opt/fsl-imx-fb/4.1.15-1.1.1/sysroots/cortexa9hf-vfp-neon-poky-linux-gnueabi/usr/lib/arm-poky-linux-gnueabi/5.2.0/crtend.o /opt/fsl-imx-fb/4.1.15-1.1.1/sysroots/cortexa9hf-vfp-neon-poky-linux-gnueabi/usr/lib/crtn.o]
    arg [/opt/fsl-imx-fb/4.1.15-1.1.1/sysroots/x86_64-pokysdk-linux/usr/libexec/arm-poky-linux-gnueabi/gcc/arm-poky-linux-gnueabi/5.2.0/collect2] ==> ignore
    arg [-plugin] ==> ignore
    arg [/opt/fsl-imx-fb/4.1.15-1.1.1/sysroots/x86_64-pokysdk-linux/usr/libexec/arm-poky-linux-gnueabi/gcc/arm-poky-linux-gnueabi/5.2.0/liblto_plugin.so] ==> ignore
    arg [-plugin-opt=/opt/fsl-imx-fb/4.1.15-1.1.1/sysroots/x86_64-pokysdk-linux/usr/libexec/arm-poky-linux-gnueabi/gcc/arm-poky-linux-gnueabi/5.2.0/lto-wrapper] ==> ignore
    arg [-plugin-opt=-fresolution=/tmp/ccTye86j.res] ==> ignore
    arg [-plugin-opt=-pass-through=-lgcc] ==> ignore
    arg [-plugin-opt=-pass-through=-lgcc_s] ==> ignore
    arg [-plugin-opt=-pass-through=-lc] ==> ignore
    arg [-plugin-opt=-pass-through=-lgcc] ==> ignore
    arg [-plugin-opt=-pass-through=-lgcc_s] ==> ignore
    arg [--sysroot=/opt/fsl-imx-fb/4.1.15-1.1.1/sysroots/cortexa9hf-vfp-neon-poky-linux-gnueabi] ==> ignore
    arg [--build-id] ==> ignore
    arg [--eh-frame-hdr] ==> ignore
    arg [--hash-style=gnu] ==> ignore
    arg [-export-dynamic] ==> ignore
    arg [-dynamic-linker] ==> ignore
    arg [/lib/ld-linux-armhf.so.3] ==> ignore
    arg [-X] ==> ignore
    arg [-m] ==> ignore
    arg [armelf_linux_eabi] ==> ignore
    arg [-o] ==> ignore
    arg [cmTC_48068] ==> ignore
    arg [/opt/fsl-imx-fb/4.1.15-1.1.1/sysroots/cortexa9hf-vfp-neon-poky-linux-gnueabi/usr/lib/crt1.o] ==> ignore
    arg [/opt/fsl-imx-fb/4.1.15-1.1.1/sysroots/cortexa9hf-vfp-neon-poky-linux-gnueabi/usr/lib/crti.o] ==> ignore
    arg [/opt/fsl-imx-fb/4.1.15-1.1.1/sysroots/cortexa9hf-vfp-neon-poky-linux-gnueabi/usr/lib/arm-poky-linux-gnueabi/5.2.0/crtbegin.o] ==> ignore
    arg [-L/opt/fsl-imx-fb/4.1.15-1.1.1/sysroots/x86_64-pokysdk-linux/usr/lib/arm-poky-linux-gnueabi/gcc/arm-poky-linux-gnueabi/5.2.0] ==> dir [/opt/fsl-imx-fb/4.1.15-1.1.1/sysroots/x86_64-pokysdk-linux/usr/lib/arm-poky-linux-gnueabi/gcc/arm-poky-linux-gnueabi/5.2.0]
    arg [-L/opt/fsl-imx-fb/4.1.15-1.1.1/sysroots/cortexa9hf-vfp-neon-poky-linux-gnueabi/lib] ==> dir [/opt/fsl-imx-fb/4.1.15-1.1.1/sysroots/cortexa9hf-vfp-neon-poky-linux-gnueabi/lib]
    arg [-L/opt/fsl-imx-fb/4.1.15-1.1.1/sysroots/cortexa9hf-vfp-neon-poky-linux-gnueabi/usr/lib/arm-poky-linux-gnueabi/5.2.0] ==> dir [/opt/fsl-imx-fb/4.1.15-1.1.1/sysroots/cortexa9hf-vfp-neon-poky-linux-gnueabi/usr/lib/arm-poky-linux-gnueabi/5.2.0]
    arg [-L/opt/fsl-imx-fb/4.1.15-1.1.1/sysroots/cortexa9hf-vfp-neon-poky-linux-gnueabi/usr/lib] ==> dir [/opt/fsl-imx-fb/4.1.15-1.1.1/sysroots/cortexa9hf-vfp-neon-poky-linux-gnueabi/usr/lib]
    arg [CMakeFiles/cmTC_48068.dir/CMakeCCompilerABI.c.o] ==> ignore
    arg [-lgcc] ==> lib [gcc]
    arg [--as-needed] ==> ignore
    arg [-lgcc_s] ==> lib [gcc_s]
    arg [--no-as-needed] ==> ignore
    arg [-lc] ==> lib [c]
    arg [-lgcc] ==> lib [gcc]
    arg [--as-needed] ==> ignore
    arg [-lgcc_s] ==> lib [gcc_s]
    arg [--no-as-needed] ==> ignore
    arg [/opt/fsl-imx-fb/4.1.15-1.1.1/sysroots/cortexa9hf-vfp-neon-poky-linux-gnueabi/usr/lib/arm-poky-linux-gnueabi/5.2.0/crtend.o] ==> ignore
    arg [/opt/fsl-imx-fb/4.1.15-1.1.1/sysroots/cortexa9hf-vfp-neon-poky-linux-gnueabi/usr/lib/crtn.o] ==> ignore
  remove lib [gcc]
  remove lib [gcc_s]
  remove lib [gcc]
  remove lib [gcc_s]
  collapse library dir [/opt/fsl-imx-fb/4.1.15-1.1.1/sysroots/x86_64-pokysdk-linux/usr/lib/arm-poky-linux-gnueabi/gcc/arm-poky-linux-gnueabi/5.2.0] ==> [/opt/fsl-imx-fb/4.1.15-1.1.1/sysroots/x86_64-pokysdk-linux/usr/lib/arm-poky-linux-gnueabi/gcc/arm-poky-linux-gnueabi/5.2.0]
  collapse library dir [/opt/fsl-imx-fb/4.1.15-1.1.1/sysroots/cortexa9hf-vfp-neon-poky-linux-gnueabi/lib] ==> [/opt/fsl-imx-fb/4.1.15-1.1.1/sysroots/cortexa9hf-vfp-neon-poky-linux-gnueabi/lib]
  collapse library dir [/opt/fsl-imx-fb/4.1.15-1.1.1/sysroots/cortexa9hf-vfp-neon-poky-linux-gnueabi/usr/lib/arm-poky-linux-gnueabi/5.2.0] ==> [/opt/fsl-imx-fb/4.1.15-1.1.1/sysroots/cortexa9hf-vfp-neon-poky-linux-gnueabi/usr/lib/arm-poky-linux-gnueabi/5.2.0]
  collapse library dir [/opt/fsl-imx-fb/4.1.15-1.1.1/sysroots/cortexa9hf-vfp-neon-poky-linux-gnueabi/usr/lib] ==> [/opt/fsl-imx-fb/4.1.15-1.1.1/sysroots/cortexa9hf-vfp-neon-poky-linux-gnueabi/usr/lib]
  implicit libs: [c]
  implicit dirs: [/opt/fsl-imx-fb/4.1.15-1.1.1/sysroots/x86_64-pokysdk-linux/usr/lib/arm-poky-linux-gnueabi/gcc/arm-poky-linux-gnueabi/5.2.0;/opt/fsl-imx-fb/4.1.15-1.1.1/sysroots/cortexa9hf-vfp-neon-poky-linux-gnueabi/lib;/opt/fsl-imx-fb/4.1.15-1.1.1/sysroots/cortexa9hf-vfp-neon-poky-linux-gnueabi/usr/lib/arm-poky-linux-gnueabi/5.2.0;/opt/fsl-imx-fb/4.1.15-1.1.1/sysroots/cortexa9hf-vfp-neon-poky-linux-gnueabi/usr/lib]
  implicit fwks: []




Detecting C [-std=c11] compiler features compiled with the following output:
Change Dir: /home/hinoeng/workspace/Eclipse/uartloop/Debug/CMakeFiles/CMakeTmp

Run Build Command:"/usr/bin/make" "cmTC_692e9/fast"
/usr/bin/make -f CMakeFiles/cmTC_692e9.dir/build.make CMakeFiles/cmTC_692e9.dir/build
make[1]: Entering directory '/home/hinoeng/workspace/Eclipse/uartloop/Debug/CMakeFiles/CMakeTmp'
Building C object CMakeFiles/cmTC_692e9.dir/feature_tests.c.o
/opt/fsl-imx-fb/4.1.15-1.1.1/sysroots/x86_64-pokysdk-linux/usr/bin/arm-poky-linux-gnueabi/arm-poky-linux-gnueabi-gcc    --sysroot=/opt/fsl-imx-fb/4.1.15-1.1.1/sysroots/cortexa9hf-vfp-neon-poky-linux-gnueabi  -march=armv7-a -mfloat-abi=hard -mfpu=neon -mtune=cortex-a9     -std=c11 -o CMakeFiles/cmTC_692e9.dir/feature_tests.c.o   -c /home/hinoeng/workspace/Eclipse/uartloop/Debug/CMakeFiles/feature_tests.c
Linking C executable cmTC_692e9
/usr/bin/cmake -E cmake_link_script CMakeFiles/cmTC_692e9.dir/link.txt --verbose=1
/opt/fsl-imx-fb/4.1.15-1.1.1/sysroots/x86_64-pokysdk-linux/usr/bin/arm-poky-linux-gnueabi/arm-poky-linux-gnueabi-gcc     --sysroot=/opt/fsl-imx-fb/4.1.15-1.1.1/sysroots/cortexa9hf-vfp-neon-poky-linux-gnueabi  -march=armv7-a -mfloat-abi=hard -mfpu=neon -mtune=cortex-a9      --sysroot=/opt/fsl-imx-fb/4.1.15-1.1.1/sysroots/cortexa9hf-vfp-neon-poky-linux-gnueabi  CMakeFiles/cmTC_692e9.dir/feature_tests.c.o  -o cmTC_692e9 -rdynamic 
make[1]: Leaving directory '/home/hinoeng/workspace/Eclipse/uartloop/Debug/CMakeFiles/CMakeTmp'


    Feature record: C_FEATURE:1c_function_prototypes
    Feature record: C_FEATURE:1c_restrict
    Feature record: C_FEATURE:1c_static_assert
    Feature record: C_FEATURE:1c_variadic_macros


Detecting C [-std=c99] compiler features compiled with the following output:
Change Dir: /home/hinoeng/workspace/Eclipse/uartloop/Debug/CMakeFiles/CMakeTmp

Run Build Command:"/usr/bin/make" "cmTC_ed557/fast"
/usr/bin/make -f CMakeFiles/cmTC_ed557.dir/build.make CMakeFiles/cmTC_ed557.dir/build
make[1]: Entering directory '/home/hinoeng/workspace/Eclipse/uartloop/Debug/CMakeFiles/CMakeTmp'
Building C object CMakeFiles/cmTC_ed557.dir/feature_tests.c.o
/opt/fsl-imx-fb/4.1.15-1.1.1/sysroots/x86_64-pokysdk-linux/usr/bin/arm-poky-linux-gnueabi/arm-poky-linux-gnueabi-gcc    --sysroot=/opt/fsl-imx-fb/4.1.15-1.1.1/sysroots/cortexa9hf-vfp-neon-poky-linux-gnueabi  -march=armv7-a -mfloat-abi=hard -mfpu=neon -mtune=cortex-a9     -std=c99 -o CMakeFiles/cmTC_ed557.dir/feature_tests.c.o   -c /home/hinoeng/workspace/Eclipse/uartloop/Debug/CMakeFiles/feature_tests.c
Linking C executable cmTC_ed557
/usr/bin/cmake -E cmake_link_script CMakeFiles/cmTC_ed557.dir/link.txt --verbose=1
/opt/fsl-imx-fb/4.1.15-1.1.1/sysroots/x86_64-pokysdk-linux/usr/bin/arm-poky-linux-gnueabi/arm-poky-linux-gnueabi-gcc     --sysroot=/opt/fsl-imx-fb/4.1.15-1.1.1/sysroots/cortexa9hf-vfp-neon-poky-linux-gnueabi  -march=armv7-a -mfloat-abi=hard -mfpu=neon -mtune=cortex-a9      --sysroot=/opt/fsl-imx-fb/4.1.15-1.1.1/sysroots/cortexa9hf-vfp-neon-poky-linux-gnueabi  CMakeFiles/cmTC_ed557.dir/feature_tests.c.o  -o cmTC_ed557 -rdynamic 
make[1]: Leaving directory '/home/hinoeng/workspace/Eclipse/uartloop/Debug/CMakeFiles/CMakeTmp'


    Feature record: C_FEATURE:1c_function_prototypes
    Feature record: C_FEATURE:1c_restrict
    Feature record: C_FEATURE:0c_static_assert
    Feature record: C_FEATURE:1c_variadic_macros


Detecting C [-std=c90] compiler features compiled with the following output:
Change Dir: /home/hinoeng/workspace/Eclipse/uartloop/Debug/CMakeFiles/CMakeTmp

Run Build Command:"/usr/bin/make" "cmTC_2eb48/fast"
/usr/bin/make -f CMakeFiles/cmTC_2eb48.dir/build.make CMakeFiles/cmTC_2eb48.dir/build
make[1]: Entering directory '/home/hinoeng/workspace/Eclipse/uartloop/Debug/CMakeFiles/CMakeTmp'
Building C object CMakeFiles/cmTC_2eb48.dir/feature_tests.c.o
/opt/fsl-imx-fb/4.1.15-1.1.1/sysroots/x86_64-pokysdk-linux/usr/bin/arm-poky-linux-gnueabi/arm-poky-linux-gnueabi-gcc    --sysroot=/opt/fsl-imx-fb/4.1.15-1.1.1/sysroots/cortexa9hf-vfp-neon-poky-linux-gnueabi  -march=armv7-a -mfloat-abi=hard -mfpu=neon -mtune=cortex-a9     -std=c90 -o CMakeFiles/cmTC_2eb48.dir/feature_tests.c.o   -c /home/hinoeng/workspace/Eclipse/uartloop/Debug/CMakeFiles/feature_tests.c
Linking C executable cmTC_2eb48
/usr/bin/cmake -E cmake_link_script CMakeFiles/cmTC_2eb48.dir/link.txt --verbose=1
/opt/fsl-imx-fb/4.1.15-1.1.1/sysroots/x86_64-pokysdk-linux/usr/bin/arm-poky-linux-gnueabi/arm-poky-linux-gnueabi-gcc     --sysroot=/opt/fsl-imx-fb/4.1.15-1.1.1/sysroots/cortexa9hf-vfp-neon-poky-linux-gnueabi  -march=armv7-a -mfloat-abi=hard -mfpu=neon -mtune=cortex-a9      --sysroot=/opt/fsl-imx-fb/4.1.15-1.1.1/sysroots/cortexa9hf-vfp-neon-poky-linux-gnueabi  CMakeFiles/cmTC_2eb48.dir/feature_tests.c.o  -o cmTC_2eb48 -rdynamic 
make[1]: Leaving directory '/home/hinoeng/workspace/Eclipse/uartloop/Debug/CMakeFiles/CMakeTmp'


    Feature record: C_FEATURE:1c_function_prototypes
    Feature record: C_FEATURE:0c_restrict
    Feature record: C_FEATURE:0c_static_assert
    Feature record: C_FEATURE:0c_variadic_macros
Determining if the CXX compiler works passed with the following output:
Change Dir: /home/hinoeng/workspace/Eclipse/uartloop/Debug/CMakeFiles/CMakeTmp

Run Build Command:"/usr/bin/make" "cmTC_a47df/fast"
/usr/bin/make -f CMakeFiles/cmTC_a47df.dir/build.make CMakeFiles/cmTC_a47df.dir/build
make[1]: Entering directory '/home/hinoeng/workspace/Eclipse/uartloop/Debug/CMakeFiles/CMakeTmp'
Building CXX object CMakeFiles/cmTC_a47df.dir/testCXXCompiler.cxx.o
/opt/fsl-imx-fb/4.1.15-1.1.1/sysroots/x86_64-pokysdk-linux/usr/bin/arm-poky-linux-gnueabi/arm-poky-linux-gnueabi-g++     --sysroot=/opt/fsl-imx-fb/4.1.15-1.1.1/sysroots/cortexa9hf-vfp-neon-poky-linux-gnueabi  -march=armv7-a -mfloat-abi=hard -mfpu=neon -mtune=cortex-a9  -fpermissive    -o CMakeFiles/cmTC_a47df.dir/testCXXCompiler.cxx.o -c /home/hinoeng/workspace/Eclipse/uartloop/Debug/CMakeFiles/CMakeTmp/testCXXCompiler.cxx
Linking CXX executable cmTC_a47df
/usr/bin/cmake -E cmake_link_script CMakeFiles/cmTC_a47df.dir/link.txt --verbose=1
/opt/fsl-imx-fb/4.1.15-1.1.1/sysroots/x86_64-pokysdk-linux/usr/bin/arm-poky-linux-gnueabi/arm-poky-linux-gnueabi-g++      --sysroot=/opt/fsl-imx-fb/4.1.15-1.1.1/sysroots/cortexa9hf-vfp-neon-poky-linux-gnueabi  -march=armv7-a -mfloat-abi=hard -mfpu=neon -mtune=cortex-a9  -fpermissive     --sysroot=/opt/fsl-imx-fb/4.1.15-1.1.1/sysroots/cortexa9hf-vfp-neon-poky-linux-gnueabi  CMakeFiles/cmTC_a47df.dir/testCXXCompiler.cxx.o  -o cmTC_a47df -rdynamic 
make[1]: Leaving directory '/home/hinoeng/workspace/Eclipse/uartloop/Debug/CMakeFiles/CMakeTmp'


Detecting CXX compiler ABI info compiled with the following output:
Change Dir: /home/hinoeng/workspace/Eclipse/uartloop/Debug/CMakeFiles/CMakeTmp

Run Build Command:"/usr/bin/make" "cmTC_400b6/fast"
/usr/bin/make -f CMakeFiles/cmTC_400b6.dir/build.make CMakeFiles/cmTC_400b6.dir/build
make[1]: Entering directory '/home/hinoeng/workspace/Eclipse/uartloop/Debug/CMakeFiles/CMakeTmp'
Building CXX object CMakeFiles/cmTC_400b6.dir/CMakeCXXCompilerABI.cpp.o
/opt/fsl-imx-fb/4.1.15-1.1.1/sysroots/x86_64-pokysdk-linux/usr/bin/arm-poky-linux-gnueabi/arm-poky-linux-gnueabi-g++     --sysroot=/opt/fsl-imx-fb/4.1.15-1.1.1/sysroots/cortexa9hf-vfp-neon-poky-linux-gnueabi  -march=armv7-a -mfloat-abi=hard -mfpu=neon -mtune=cortex-a9  -fpermissive    -o CMakeFiles/cmTC_400b6.dir/CMakeCXXCompilerABI.cpp.o -c /usr/share/cmake-3.5/Modules/CMakeCXXCompilerABI.cpp
Linking CXX executable cmTC_400b6
/usr/bin/cmake -E cmake_link_script CMakeFiles/cmTC_400b6.dir/link.txt --verbose=1
/opt/fsl-imx-fb/4.1.15-1.1.1/sysroots/x86_64-pokysdk-linux/usr/bin/arm-poky-linux-gnueabi/arm-poky-linux-gnueabi-g++      --sysroot=/opt/fsl-imx-fb/4.1.15-1.1.1/sysroots/cortexa9hf-vfp-neon-poky-linux-gnueabi  -march=armv7-a -mfloat-abi=hard -mfpu=neon -mtune=cortex-a9  -fpermissive     --sysroot=/opt/fsl-imx-fb/4.1.15-1.1.1/sysroots/cortexa9hf-vfp-neon-poky-linux-gnueabi -v CMakeFiles/cmTC_400b6.dir/CMakeCXXCompilerABI.cpp.o  -o cmTC_400b6 -rdynamic  
Using built-in specs.
COLLECT_GCC=/opt/fsl-imx-fb/4.1.15-1.1.1/sysroots/x86_64-pokysdk-linux/usr/bin/arm-poky-linux-gnueabi/arm-poky-linux-gnueabi-g++
COLLECT_LTO_WRAPPER=/opt/fsl-imx-fb/4.1.15-1.1.1/sysroots/x86_64-pokysdk-linux/usr/libexec/arm-poky-linux-gnueabi/gcc/arm-poky-linux-gnueabi/5.2.0/lto-wrapper
Target: arm-poky-linux-gnueabi
Configured with: /home/hinoeng/yocto/fsl-release-bsp/build-imx6solohinoeng/tmp/work-shared/gcc-5.2.0-r0/gcc-5.2.0/configure --build=x86_64-linux --host=x86_64-pokysdk-linux --target=arm-poky-linux-gnueabi --prefix=/opt/fsl-imx-fb/4.1.15-1.1.1/sysroots/x86_64-pokysdk-linux/usr --exec_prefix=/opt/fsl-imx-fb/4.1.15-1.1.1/sysroots/x86_64-pokysdk-linux/usr --bindir=/opt/fsl-imx-fb/4.1.15-1.1.1/sysroots/x86_64-pokysdk-linux/usr/bin/arm-poky-linux-gnueabi --sbindir=/opt/fsl-imx-fb/4.1.15-1.1.1/sysroots/x86_64-pokysdk-linux/usr/bin/arm-poky-linux-gnueabi --libexecdir=/opt/fsl-imx-fb/4.1.15-1.1.1/sysroots/x86_64-pokysdk-linux/usr/libexec/arm-poky-linux-gnueabi --datadir=/opt/fsl-imx-fb/4.1.15-1.1.1/sysroots/x86_64-pokysdk-linux/usr/share --sysconfdir=/opt/fsl-imx-fb/4.1.15-1.1.1/sysroots/x86_64-pokysdk-linux/etc --sharedstatedir=/opt/fsl-imx-fb/4.1.15-1.1.1/sysroots/x86_64-pokysdk-linux/com --localstatedir=/opt/fsl-imx-fb/4.1.15-1.1.1/sysroots/x86_64-pokysdk-linux/var --libdir=/opt/fsl-imx-fb/4.1.15-1.1.1/sysroots/x86_64-pokysdk-linux/usr/lib/arm-poky-linux-gnueabi --includedir=/opt/fsl-imx-fb/4.1.15-1.1.1/sysroots/x86_64-pokysdk-linux/usr/include --oldincludedir=/opt/fsl-imx-fb/4.1.15-1.1.1/sysroots/x86_64-pokysdk-linux/usr/include --infodir=/opt/fsl-imx-fb/4.1.15-1.1.1/sysroots/x86_64-pokysdk-linux/usr/share/info --mandir=/opt/fsl-imx-fb/4.1.15-1.1.1/sysroots/x86_64-pokysdk-linux/usr/share/man --disable-silent-rules --disable-dependency-tracking --with-libtool-sysroot=/home/hinoeng/yocto/fsl-release-bsp/build-imx6solohinoeng/tmp/sysroots/x86_64-nativesdk-pokysdk-linux --with-gnu-ld --enable-shared --enable-languages=c,c++ --enable-threads=posix --enable-multilib --enable-c99 --enable-long-long --enable-symvers=gnu --enable-libstdcxx-pch --program-prefix=arm-poky-linux-gnueabi- --without-local-prefix --enable-target-optspace --enable-lto --enable-libssp --disable-bootstrap --disable-libmudflap --with-system-zlib --with-linker-hash-style=gnu --enable-linker-build-id --with-ppl=no --with-cloog=no --enable-checking=release --enable-cheaders=c_global --without-isl --with-gxx-include-dir=/not/exist/usr/include/c++/5.2.0 --with-build-time-tools=/home/hinoeng/yocto/fsl-release-bsp/build-imx6solohinoeng/tmp/sysroots/x86_64-linux/usr/arm-poky-linux-gnueabi/bin --with-sysroot=/not/exist --with-build-sysroot=/home/hinoeng/yocto/fsl-release-bsp/build-imx6solohinoeng/tmp/sysroots/imx6solohinoeng --enable-poison-system-directories --with-mpfr=/home/hinoeng/yocto/fsl-release-bsp/build-imx6solohinoeng/tmp/sysroots/x86_64-nativesdk-pokysdk-linux --with-mpc=/home/hinoeng/yocto/fsl-release-bsp/build-imx6solohinoeng/tmp/sysroots/x86_64-nativesdk-pokysdk-linux --enable-nls --with-arch=armv7-a
Thread model: posix
gcc version 5.2.0 (GCC) 
COMPILER_PATH=/opt/fsl-imx-fb/4.1.15-1.1.1/sysroots/x86_64-pokysdk-linux/usr/libexec/arm-poky-linux-gnueabi/gcc/arm-poky-linux-gnueabi/5.2.0/:/opt/fsl-imx-fb/4.1.15-1.1.1/sysroots/x86_64-pokysdk-linux/usr/libexec/arm-poky-linux-gnueabi/gcc/arm-poky-linux-gnueabi/5.2.0/:/opt/fsl-imx-fb/4.1.15-1.1.1/sysroots/x86_64-pokysdk-linux/usr/libexec/arm-poky-linux-gnueabi/gcc/arm-poky-linux-gnueabi/:/opt/fsl-imx-fb/4.1.15-1.1.1/sysroots/x86_64-pokysdk-linux/usr/lib/arm-poky-linux-gnueabi/gcc/arm-poky-linux-gnueabi/5.2.0/:/opt/fsl-imx-fb/4.1.15-1.1.1/sysroots/x86_64-pokysdk-linux/usr/lib/arm-poky-linux-gnueabi/gcc/arm-poky-linux-gnueabi/
LIBRARY_PATH=/opt/fsl-imx-fb/4.1.15-1.1.1/sysroots/x86_64-pokysdk-linux/usr/lib/arm-poky-linux-gnueabi/gcc/arm-poky-linux-gnueabi/5.2.0/:/opt/fsl-imx-fb/4.1.15-1.1.1/sysroots/cortexa9hf-vfp-neon-poky-linux-gnueabi/lib/:/opt/fsl-imx-fb/4.1.15-1.1.1/sysroots/cortexa9hf-vfp-neon-poky-linux-gnueabi/usr/lib/arm-poky-linux-gnueabi/5.2.0/:/opt/fsl-imx-fb/4.1.15-1.1.1/sysroots/cortexa9hf-vfp-neon-poky-linux-gnueabi/usr/lib/
COLLECT_GCC_OPTIONS='--sysroot=/opt/fsl-imx-fb/4.1.15-1.1.1/sysroots/cortexa9hf-vfp-neon-poky-linux-gnueabi' '-march=armv7-a' '-mfloat-abi=hard' '-mfpu=neon' '-mtune=cortex-a9' '-fpermissive' '-v' '-o' 'cmTC_400b6' '-rdynamic' '-shared-libgcc' '-mtls-dialect=gnu'
 /opt/fsl-imx-fb/4.1.15-1.1.1/sysroots/x86_64-pokysdk-linux/usr/libexec/arm-poky-linux-gnueabi/gcc/arm-poky-linux-gnueabi/5.2.0/collect2 -plugin /opt/fsl-imx-fb/4.1.15-1.1.1/sysroots/x86_64-pokysdk-linux/usr/libexec/arm-poky-linux-gnueabi/gcc/arm-poky-linux-gnueabi/5.2.0/liblto_plugin.so -plugin-opt=/opt/fsl-imx-fb/4.1.15-1.1.1/sysroots/x86_64-pokysdk-linux/usr/libexec/arm-poky-linux-gnueabi/gcc/arm-poky-linux-gnueabi/5.2.0/lto-wrapper -plugin-opt=-fresolution=/tmp/ccSUXNSZ.res -plugin-opt=-pass-through=-lgcc_s -plugin-opt=-pass-through=-lgcc -plugin-opt=-pass-through=-lc -plugin-opt=-pass-through=-lgcc_s -plugin-opt=-pass-through=-lgcc --sysroot=/opt/fsl-imx-fb/4.1.15-1.1.1/sysroots/cortexa9hf-vfp-neon-poky-linux-gnueabi --build-id --eh-frame-hdr --hash-style=gnu -export-dynamic -dynamic-linker /lib/ld-linux-armhf.so.3 -X -m armelf_linux_eabi -o cmTC_400b6 /opt/fsl-imx-fb/4.1.15-1.1.1/sysroots/cortexa9hf-vfp-neon-poky-linux-gnueabi/usr/lib/crt1.o /opt/fsl-imx-fb/4.1.15-1.1.1/sysroots/cortexa9hf-vfp-neon-poky-linux-gnueabi/usr/lib/crti.o /opt/fsl-imx-fb/4.1.15-1.1.1/sysroots/cortexa9hf-vfp-neon-poky-linux-gnueabi/usr/lib/arm-poky-linux-gnueabi/5.2.0/crtbegin.o -L/opt/fsl-imx-fb/4.1.15-1.1.1/sysroots/x86_64-pokysdk-linux/usr/lib/arm-poky-linux-gnueabi/gcc/arm-poky-linux-gnueabi/5.2.0 -L/opt/fsl-imx-fb/4.1.15-1.1.1/sysroots/cortexa9hf-vfp-neon-poky-linux-gnueabi/lib -L/opt/fsl-imx-fb/4.1.15-1.1.1/sysroots/cortexa9hf-vfp-neon-poky-linux-gnueabi/usr/lib/arm-poky-linux-gnueabi/5.2.0 -L/opt/fsl-imx-fb/4.1.15-1.1.1/sysroots/cortexa9hf-vfp-neon-poky-linux-gnueabi/usr/lib CMakeFiles/cmTC_400b6.dir/CMakeCXXCompilerABI.cpp.o -lstdc++ -lm -lgcc_s -lgcc -lc -lgcc_s -lgcc /opt/fsl-imx-fb/4.1.15-1.1.1/sysroots/cortexa9hf-vfp-neon-poky-linux-gnueabi/usr/lib/arm-poky-linux-gnueabi/5.2.0/crtend.o /opt/fsl-imx-fb/4.1.15-1.1.1/sysroots/cortexa9hf-vfp-neon-poky-linux-gnueabi/usr/lib/crtn.o
make[1]: Leaving directory '/home/hinoeng/workspace/Eclipse/uartloop/Debug/CMakeFiles/CMakeTmp'


Parsed CXX implicit link information from above output:
  link line regex: [^( *|.*[/\])(CMAKE_LINKER-NOTFOUND|([^/\]+-)?ld|collect2)[^/\]*( |$)]
  ignore line: [Change Dir: /home/hinoeng/workspace/Eclipse/uartloop/Debug/CMakeFiles/CMakeTmp]
  ignore line: []
  ignore line: [Run Build Command:"/usr/bin/make" "cmTC_400b6/fast"]
  ignore line: [/usr/bin/make -f CMakeFiles/cmTC_400b6.dir/build.make CMakeFiles/cmTC_400b6.dir/build]
  ignore line: [make[1]: Entering directory '/home/hinoeng/workspace/Eclipse/uartloop/Debug/CMakeFiles/CMakeTmp']
  ignore line: [Building CXX object CMakeFiles/cmTC_400b6.dir/CMakeCXXCompilerABI.cpp.o]
  ignore line: [/opt/fsl-imx-fb/4.1.15-1.1.1/sysroots/x86_64-pokysdk-linux/usr/bin/arm-poky-linux-gnueabi/arm-poky-linux-gnueabi-g++     --sysroot=/opt/fsl-imx-fb/4.1.15-1.1.1/sysroots/cortexa9hf-vfp-neon-poky-linux-gnueabi  -march=armv7-a -mfloat-abi=hard -mfpu=neon -mtune=cortex-a9  -fpermissive    -o CMakeFiles/cmTC_400b6.dir/CMakeCXXCompilerABI.cpp.o -c /usr/share/cmake-3.5/Modules/CMakeCXXCompilerABI.cpp]
  ignore line: [Linking CXX executable cmTC_400b6]
  ignore line: [/usr/bin/cmake -E cmake_link_script CMakeFiles/cmTC_400b6.dir/link.txt --verbose=1]
  ignore line: [/opt/fsl-imx-fb/4.1.15-1.1.1/sysroots/x86_64-pokysdk-linux/usr/bin/arm-poky-linux-gnueabi/arm-poky-linux-gnueabi-g++      --sysroot=/opt/fsl-imx-fb/4.1.15-1.1.1/sysroots/cortexa9hf-vfp-neon-poky-linux-gnueabi  -march=armv7-a -mfloat-abi=hard -mfpu=neon -mtune=cortex-a9  -fpermissive     --sysroot=/opt/fsl-imx-fb/4.1.15-1.1.1/sysroots/cortexa9hf-vfp-neon-poky-linux-gnueabi -v CMakeFiles/cmTC_400b6.dir/CMakeCXXCompilerABI.cpp.o  -o cmTC_400b6 -rdynamic  ]
  ignore line: [Using built-in specs.]
  ignore line: [COLLECT_GCC=/opt/fsl-imx-fb/4.1.15-1.1.1/sysroots/x86_64-pokysdk-linux/usr/bin/arm-poky-linux-gnueabi/arm-poky-linux-gnueabi-g++]
  ignore line: [COLLECT_LTO_WRAPPER=/opt/fsl-imx-fb/4.1.15-1.1.1/sysroots/x86_64-pokysdk-linux/usr/libexec/arm-poky-linux-gnueabi/gcc/arm-poky-linux-gnueabi/5.2.0/lto-wrapper]
  ignore line: [Target: arm-poky-linux-gnueabi]
  ignore line: [Configured with: /home/hinoeng/yocto/fsl-release-bsp/build-imx6solohinoeng/tmp/work-shared/gcc-5.2.0-r0/gcc-5.2.0/configure --build=x86_64-linux --host=x86_64-pokysdk-linux --target=arm-poky-linux-gnueabi --prefix=/opt/fsl-imx-fb/4.1.15-1.1.1/sysroots/x86_64-pokysdk-linux/usr --exec_prefix=/opt/fsl-imx-fb/4.1.15-1.1.1/sysroots/x86_64-pokysdk-linux/usr --bindir=/opt/fsl-imx-fb/4.1.15-1.1.1/sysroots/x86_64-pokysdk-linux/usr/bin/arm-poky-linux-gnueabi --sbindir=/opt/fsl-imx-fb/4.1.15-1.1.1/sysroots/x86_64-pokysdk-linux/usr/bin/arm-poky-linux-gnueabi --libexecdir=/opt/fsl-imx-fb/4.1.15-1.1.1/sysroots/x86_64-pokysdk-linux/usr/libexec/arm-poky-linux-gnueabi --datadir=/opt/fsl-imx-fb/4.1.15-1.1.1/sysroots/x86_64-pokysdk-linux/usr/share --sysconfdir=/opt/fsl-imx-fb/4.1.15-1.1.1/sysroots/x86_64-pokysdk-linux/etc --sharedstatedir=/opt/fsl-imx-fb/4.1.15-1.1.1/sysroots/x86_64-pokysdk-linux/com --localstatedir=/opt/fsl-imx-fb/4.1.15-1.1.1/sysroots/x86_64-pokysdk-linux/var --libdir=/opt/fsl-imx-fb/4.1.15-1.1.1/sysroots/x86_64-pokysdk-linux/usr/lib/arm-poky-linux-gnueabi --includedir=/opt/fsl-imx-fb/4.1.15-1.1.1/sysroots/x86_64-pokysdk-linux/usr/include --oldincludedir=/opt/fsl-imx-fb/4.1.15-1.1.1/sysroots/x86_64-pokysdk-linux/usr/include --infodir=/opt/fsl-imx-fb/4.1.15-1.1.1/sysroots/x86_64-pokysdk-linux/usr/share/info --mandir=/opt/fsl-imx-fb/4.1.15-1.1.1/sysroots/x86_64-pokysdk-linux/usr/share/man --disable-silent-rules --disable-dependency-tracking --with-libtool-sysroot=/home/hinoeng/yocto/fsl-release-bsp/build-imx6solohinoeng/tmp/sysroots/x86_64-nativesdk-pokysdk-linux --with-gnu-ld --enable-shared --enable-languages=c,c++ --enable-threads=posix --enable-multilib --enable-c99 --enable-long-long --enable-symvers=gnu --enable-libstdcxx-pch --program-prefix=arm-poky-linux-gnueabi- --without-local-prefix --enable-target-optspace --enable-lto --enable-libssp --disable-bootstrap --disable-libmudflap --with-system-zlib --with-linker-hash-style=gnu --enable-linker-build-id --with-ppl=no --with-cloog=no --enable-checking=release --enable-cheaders=c_global --without-isl --with-gxx-include-dir=/not/exist/usr/include/c++/5.2.0 --with-build-time-tools=/home/hinoeng/yocto/fsl-release-bsp/build-imx6solohinoeng/tmp/sysroots/x86_64-linux/usr/arm-poky-linux-gnueabi/bin --with-sysroot=/not/exist --with-build-sysroot=/home/hinoeng/yocto/fsl-release-bsp/build-imx6solohinoeng/tmp/sysroots/imx6solohinoeng --enable-poison-system-directories --with-mpfr=/home/hinoeng/yocto/fsl-release-bsp/build-imx6solohinoeng/tmp/sysroots/x86_64-nativesdk-pokysdk-linux --with-mpc=/home/hinoeng/yocto/fsl-release-bsp/build-imx6solohinoeng/tmp/sysroots/x86_64-nativesdk-pokysdk-linux --enable-nls --with-arch=armv7-a]
  ignore line: [Thread model: posix]
  ignore line: [gcc version 5.2.0 (GCC) ]
  ignore line: [COMPILER_PATH=/opt/fsl-imx-fb/4.1.15-1.1.1/sysroots/x86_64-pokysdk-linux/usr/libexec/arm-poky-linux-gnueabi/gcc/arm-poky-linux-gnueabi/5.2.0/:/opt/fsl-imx-fb/4.1.15-1.1.1/sysroots/x86_64-pokysdk-linux/usr/libexec/arm-poky-linux-gnueabi/gcc/arm-poky-linux-gnueabi/5.2.0/:/opt/fsl-imx-fb/4.1.15-1.1.1/sysroots/x86_64-pokysdk-linux/usr/libexec/arm-poky-linux-gnueabi/gcc/arm-poky-linux-gnueabi/:/opt/fsl-imx-fb/4.1.15-1.1.1/sysroots/x86_64-pokysdk-linux/usr/lib/arm-poky-linux-gnueabi/gcc/arm-poky-linux-gnueabi/5.2.0/:/opt/fsl-imx-fb/4.1.15-1.1.1/sysroots/x86_64-pokysdk-linux/usr/lib/arm-poky-linux-gnueabi/gcc/arm-poky-linux-gnueabi/]
  ignore line: [LIBRARY_PATH=/opt/fsl-imx-fb/4.1.15-1.1.1/sysroots/x86_64-pokysdk-linux/usr/lib/arm-poky-linux-gnueabi/gcc/arm-poky-linux-gnueabi/5.2.0/:/opt/fsl-imx-fb/4.1.15-1.1.1/sysroots/cortexa9hf-vfp-neon-poky-linux-gnueabi/lib/:/opt/fsl-imx-fb/4.1.15-1.1.1/sysroots/cortexa9hf-vfp-neon-poky-linux-gnueabi/usr/lib/arm-poky-linux-gnueabi/5.2.0/:/opt/fsl-imx-fb/4.1.15-1.1.1/sysroots/cortexa9hf-vfp-neon-poky-linux-gnueabi/usr/lib/]
  ignore line: [COLLECT_GCC_OPTIONS='--sysroot=/opt/fsl-imx-fb/4.1.15-1.1.1/sysroots/cortexa9hf-vfp-neon-poky-linux-gnueabi' '-march=armv7-a' '-mfloat-abi=hard' '-mfpu=neon' '-mtune=cortex-a9' '-fpermissive' '-v' '-o' 'cmTC_400b6' '-rdynamic' '-shared-libgcc' '-mtls-dialect=gnu']
  link line: [ /opt/fsl-imx-fb/4.1.15-1.1.1/sysroots/x86_64-pokysdk-linux/usr/libexec/arm-poky-linux-gnueabi/gcc/arm-poky-linux-gnueabi/5.2.0/collect2 -plugin /opt/fsl-imx-fb/4.1.15-1.1.1/sysroots/x86_64-pokysdk-linux/usr/libexec/arm-poky-linux-gnueabi/gcc/arm-poky-linux-gnueabi/5.2.0/liblto_plugin.so -plugin-opt=/opt/fsl-imx-fb/4.1.15-1.1.1/sysroots/x86_64-pokysdk-linux/usr/libexec/arm-poky-linux-gnueabi/gcc/arm-poky-linux-gnueabi/5.2.0/lto-wrapper -plugin-opt=-fresolution=/tmp/ccSUXNSZ.res -plugin-opt=-pass-through=-lgcc_s -plugin-opt=-pass-through=-lgcc -plugin-opt=-pass-through=-lc -plugin-opt=-pass-through=-lgcc_s -plugin-opt=-pass-through=-lgcc --sysroot=/opt/fsl-imx-fb/4.1.15-1.1.1/sysroots/cortexa9hf-vfp-neon-poky-linux-gnueabi --build-id --eh-frame-hdr --hash-style=gnu -export-dynamic -dynamic-linker /lib/ld-linux-armhf.so.3 -X -m armelf_linux_eabi -o cmTC_400b6 /opt/fsl-imx-fb/4.1.15-1.1.1/sysroots/cortexa9hf-vfp-neon-poky-linux-gnueabi/usr/lib/crt1.o /opt/fsl-imx-fb/4.1.15-1.1.1/sysroots/cortexa9hf-vfp-neon-poky-linux-gnueabi/usr/lib/crti.o /opt/fsl-imx-fb/4.1.15-1.1.1/sysroots/cortexa9hf-vfp-neon-poky-linux-gnueabi/usr/lib/arm-poky-linux-gnueabi/5.2.0/crtbegin.o -L/opt/fsl-imx-fb/4.1.15-1.1.1/sysroots/x86_64-pokysdk-linux/usr/lib/arm-poky-linux-gnueabi/gcc/arm-poky-linux-gnueabi/5.2.0 -L/opt/fsl-imx-fb/4.1.15-1.1.1/sysroots/cortexa9hf-vfp-neon-poky-linux-gnueabi/lib -L/opt/fsl-imx-fb/4.1.15-1.1.1/sysroots/cortexa9hf-vfp-neon-poky-linux-gnueabi/usr/lib/arm-poky-linux-gnueabi/5.2.0 -L/opt/fsl-imx-fb/4.1.15-1.1.1/sysroots/cortexa9hf-vfp-neon-poky-linux-gnueabi/usr/lib CMakeFiles/cmTC_400b6.dir/CMakeCXXCompilerABI.cpp.o -lstdc++ -lm -lgcc_s -lgcc -lc -lgcc_s -lgcc /opt/fsl-imx-fb/4.1.15-1.1.1/sysroots/cortexa9hf-vfp-neon-poky-linux-gnueabi/usr/lib/arm-poky-linux-gnueabi/5.2.0/crtend.o /opt/fsl-imx-fb/4.1.15-1.1.1/sysroots/cortexa9hf-vfp-neon-poky-linux-gnueabi/usr/lib/crtn.o]
    arg [/opt/fsl-imx-fb/4.1.15-1.1.1/sysroots/x86_64-pokysdk-linux/usr/libexec/arm-poky-linux-gnueabi/gcc/arm-poky-linux-gnueabi/5.2.0/collect2] ==> ignore
    arg [-plugin] ==> ignore
    arg [/opt/fsl-imx-fb/4.1.15-1.1.1/sysroots/x86_64-pokysdk-linux/usr/libexec/arm-poky-linux-gnueabi/gcc/arm-poky-linux-gnueabi/5.2.0/liblto_plugin.so] ==> ignore
    arg [-plugin-opt=/opt/fsl-imx-fb/4.1.15-1.1.1/sysroots/x86_64-pokysdk-linux/usr/libexec/arm-poky-linux-gnueabi/gcc/arm-poky-linux-gnueabi/5.2.0/lto-wrapper] ==> ignore
    arg [-plugin-opt=-fresolution=/tmp/ccSUXNSZ.res] ==> ignore
    arg [-plugin-opt=-pass-through=-lgcc_s] ==> ignore
    arg [-plugin-opt=-pass-through=-lgcc] ==> ignore
    arg [-plugin-opt=-pass-through=-lc] ==> ignore
    arg [-plugin-opt=-pass-through=-lgcc_s] ==> ignore
    arg [-plugin-opt=-pass-through=-lgcc] ==> ignore
    arg [--sysroot=/opt/fsl-imx-fb/4.1.15-1.1.1/sysroots/cortexa9hf-vfp-neon-poky-linux-gnueabi] ==> ignore
    arg [--build-id] ==> ignore
    arg [--eh-frame-hdr] ==> ignore
    arg [--hash-style=gnu] ==> ignore
    arg [-export-dynamic] ==> ignore
    arg [-dynamic-linker] ==> ignore
    arg [/lib/ld-linux-armhf.so.3] ==> ignore
    arg [-X] ==> ignore
    arg [-m] ==> ignore
    arg [armelf_linux_eabi] ==> ignore
    arg [-o] ==> ignore
    arg [cmTC_400b6] ==> ignore
    arg [/opt/fsl-imx-fb/4.1.15-1.1.1/sysroots/cortexa9hf-vfp-neon-poky-linux-gnueabi/usr/lib/crt1.o] ==> ignore
    arg [/opt/fsl-imx-fb/4.1.15-1.1.1/sysroots/cortexa9hf-vfp-neon-poky-linux-gnueabi/usr/lib/crti.o] ==> ignore
    arg [/opt/fsl-imx-fb/4.1.15-1.1.1/sysroots/cortexa9hf-vfp-neon-poky-linux-gnueabi/usr/lib/arm-poky-linux-gnueabi/5.2.0/crtbegin.o] ==> ignore
    arg [-L/opt/fsl-imx-fb/4.1.15-1.1.1/sysroots/x86_64-pokysdk-linux/usr/lib/arm-poky-linux-gnueabi/gcc/arm-poky-linux-gnueabi/5.2.0] ==> dir [/opt/fsl-imx-fb/4.1.15-1.1.1/sysroots/x86_64-pokysdk-linux/usr/lib/arm-poky-linux-gnueabi/gcc/arm-poky-linux-gnueabi/5.2.0]
    arg [-L/opt/fsl-imx-fb/4.1.15-1.1.1/sysroots/cortexa9hf-vfp-neon-poky-linux-gnueabi/lib] ==> dir [/opt/fsl-imx-fb/4.1.15-1.1.1/sysroots/cortexa9hf-vfp-neon-poky-linux-gnueabi/lib]
    arg [-L/opt/fsl-imx-fb/4.1.15-1.1.1/sysroots/cortexa9hf-vfp-neon-poky-linux-gnueabi/usr/lib/arm-poky-linux-gnueabi/5.2.0] ==> dir [/opt/fsl-imx-fb/4.1.15-1.1.1/sysroots/cortexa9hf-vfp-neon-poky-linux-gnueabi/usr/lib/arm-poky-linux-gnueabi/5.2.0]
    arg [-L/opt/fsl-imx-fb/4.1.15-1.1.1/sysroots/cortexa9hf-vfp-neon-poky-linux-gnueabi/usr/lib] ==> dir [/opt/fsl-imx-fb/4.1.15-1.1.1/sysroots/cortexa9hf-vfp-neon-poky-linux-gnueabi/usr/lib]
    arg [CMakeFiles/cmTC_400b6.dir/CMakeCXXCompilerABI.cpp.o] ==> ignore
    arg [-lstdc++] ==> lib [stdc++]
    arg [-lm] ==> lib [m]
    arg [-lgcc_s] ==> lib [gcc_s]
    arg [-lgcc] ==> lib [gcc]
    arg [-lc] ==> lib [c]
    arg [-lgcc_s] ==> lib [gcc_s]
    arg [-lgcc] ==> lib [gcc]
    arg [/opt/fsl-imx-fb/4.1.15-1.1.1/sysroots/cortexa9hf-vfp-neon-poky-linux-gnueabi/usr/lib/arm-poky-linux-gnueabi/5.2.0/crtend.o] ==> ignore
    arg [/opt/fsl-imx-fb/4.1.15-1.1.1/sysroots/cortexa9hf-vfp-neon-poky-linux-gnueabi/usr/lib/crtn.o] ==> ignore
  remove lib [gcc_s]
  remove lib [gcc]
  remove lib [gcc_s]
  remove lib [gcc]
  collapse library dir [/opt/fsl-imx-fb/4.1.15-1.1.1/sysroots/x86_64-pokysdk-linux/usr/lib/arm-poky-linux-gnueabi/gcc/arm-poky-linux-gnueabi/5.2.0] ==> [/opt/fsl-imx-fb/4.1.15-1.1.1/sysroots/x86_64-pokysdk-linux/usr/lib/arm-poky-linux-gnueabi/gcc/arm-poky-linux-gnueabi/5.2.0]
  collapse library dir [/opt/fsl-imx-fb/4.1.15-1.1.1/sysroots/cortexa9hf-vfp-neon-poky-linux-gnueabi/lib] ==> [/opt/fsl-imx-fb/4.1.15-1.1.1/sysroots/cortexa9hf-vfp-neon-poky-linux-gnueabi/lib]
  collapse library dir [/opt/fsl-imx-fb/4.1.15-1.1.1/sysroots/cortexa9hf-vfp-neon-poky-linux-gnueabi/usr/lib/arm-poky-linux-gnueabi/5.2.0] ==> [/opt/fsl-imx-fb/4.1.15-1.1.1/sysroots/cortexa9hf-vfp-neon-poky-linux-gnueabi/usr/lib/arm-poky-linux-gnueabi/5.2.0]
  collapse library dir [/opt/fsl-imx-fb/4.1.15-1.1.1/sysroots/cortexa9hf-vfp-neon-poky-linux-gnueabi/usr/lib] ==> [/opt/fsl-imx-fb/4.1.15-1.1.1/sysroots/cortexa9hf-vfp-neon-poky-linux-gnueabi/usr/lib]
  implicit libs: [stdc++;m;c]
  implicit dirs: [/opt/fsl-imx-fb/4.1.15-1.1.1/sysroots/x86_64-pokysdk-linux/usr/lib/arm-poky-linux-gnueabi/gcc/arm-poky-linux-gnueabi/5.2.0;/opt/fsl-imx-fb/4.1.15-1.1.1/sysroots/cortexa9hf-vfp-neon-poky-linux-gnueabi/lib;/opt/fsl-imx-fb/4.1.15-1.1.1/sysroots/cortexa9hf-vfp-neon-poky-linux-gnueabi/usr/lib/arm-poky-linux-gnueabi/5.2.0;/opt/fsl-imx-fb/4.1.15-1.1.1/sysroots/cortexa9hf-vfp-neon-poky-linux-gnueabi/usr/lib]
  implicit fwks: []




Detecting CXX [-std=c++14] compiler features compiled with the following output:
Change Dir: /home/hinoeng/workspace/Eclipse/uartloop/Debug/CMakeFiles/CMakeTmp

Run Build Command:"/usr/bin/make" "cmTC_7ae89/fast"
/usr/bin/make -f CMakeFiles/cmTC_7ae89.dir/build.make CMakeFiles/cmTC_7ae89.dir/build
make[1]: Entering directory '/home/hinoeng/workspace/Eclipse/uartloop/Debug/CMakeFiles/CMakeTmp'
Building CXX object CMakeFiles/cmTC_7ae89.dir/feature_tests.cxx.o
/opt/fsl-imx-fb/4.1.15-1.1.1/sysroots/x86_64-pokysdk-linux/usr/bin/arm-poky-linux-gnueabi/arm-poky-linux-gnueabi-g++     --sysroot=/opt/fsl-imx-fb/4.1.15-1.1.1/sysroots/cortexa9hf-vfp-neon-poky-linux-gnueabi  -march=armv7-a -mfloat-abi=hard -mfpu=neon -mtune=cortex-a9  -fpermissive    -std=c++14 -o CMakeFiles/cmTC_7ae89.dir/feature_tests.cxx.o -c /home/hinoeng/workspace/Eclipse/uartloop/Debug/CMakeFiles/feature_tests.cxx
Linking CXX executable cmTC_7ae89
/usr/bin/cmake -E cmake_link_script CMakeFiles/cmTC_7ae89.dir/link.txt --verbose=1
/opt/fsl-imx-fb/4.1.15-1.1.1/sysroots/x86_64-pokysdk-linux/usr/bin/arm-poky-linux-gnueabi/arm-poky-linux-gnueabi-g++      --sysroot=/opt/fsl-imx-fb/4.1.15-1.1.1/sysroots/cortexa9hf-vfp-neon-poky-linux-gnueabi  -march=armv7-a -mfloat-abi=hard -mfpu=neon -mtune=cortex-a9  -fpermissive     --sysroot=/opt/fsl-imx-fb/4.1.15-1.1.1/sysroots/cortexa9hf-vfp-neon-poky-linux-gnueabi  CMakeFiles/cmTC_7ae89.dir/feature_tests.cxx.o  -o cmTC_7ae89 -rdynamic 
make[1]: Leaving directory '/home/hinoeng/workspace/Eclipse/uartloop/Debug/CMakeFiles/CMakeTmp'


    Feature record: CXX_FEATURE:1cxx_aggregate_default_initializers
    Feature record: CXX_FEATURE:1cxx_alias_templates
    Feature record: CXX_FEATURE:1cxx_alignas
    Feature record: CXX_FEATURE:1cxx_alignof
    Feature record: CXX_FEATURE:1cxx_attributes
    Feature record: CXX_FEATURE:1cxx_attribute_deprecated
    Feature record: CXX_FEATURE:1cxx_auto_type
    Feature record: CXX_FEATURE:1cxx_binary_literals
    Feature record: CXX_FEATURE:1cxx_constexpr
    Feature record: CXX_FEATURE:1cxx_contextual_conversions
    Feature record: CXX_FEATURE:1cxx_decltype
    Feature record: CXX_FEATURE:1cxx_decltype_auto
    Feature record: CXX_FEATURE:1cxx_decltype_incomplete_return_types
    Feature record: CXX_FEATURE:1cxx_default_function_template_args
    Feature record: CXX_FEATURE:1cxx_defaulted_functions
    Feature record: CXX_FEATURE:1cxx_defaulted_move_initializers
    Feature record: CXX_FEATURE:1cxx_delegating_constructors
    Feature record: CXX_FEATURE:1cxx_deleted_functions
    Feature record: CXX_FEATURE:1cxx_digit_separators
    Feature record: CXX_FEATURE:1cxx_enum_forward_declarations
    Feature record: CXX_FEATURE:1cxx_explicit_conversions
    Feature record: CXX_FEATURE:1cxx_extended_friend_declarations
    Feature record: CXX_FEATURE:1cxx_extern_templates
    Feature record: CXX_FEATURE:1cxx_final
    Feature record: CXX_FEATURE:1cxx_func_identifier
    Feature record: CXX_FEATURE:1cxx_generalized_initializers
    Feature record: CXX_FEATURE:1cxx_generic_lambdas
    Feature record: CXX_FEATURE:1cxx_inheriting_constructors
    Feature record: CXX_FEATURE:1cxx_inline_namespaces
    Feature record: CXX_FEATURE:1cxx_lambdas
    Feature record: CXX_FEATURE:1cxx_lambda_init_captures
    Feature record: CXX_FEATURE:1cxx_local_type_template_args
    Feature record: CXX_FEATURE:1cxx_long_long_type
    Feature record: CXX_FEATURE:1cxx_noexcept
    Feature record: CXX_FEATURE:1cxx_nonstatic_member_init
    Feature record: CXX_FEATURE:1cxx_nullptr
    Feature record: CXX_FEATURE:1cxx_override
    Feature record: CXX_FEATURE:1cxx_range_for
    Feature record: CXX_FEATURE:1cxx_raw_string_literals
    Feature record: CXX_FEATURE:1cxx_reference_qualified_functions
    Feature record: CXX_FEATURE:1cxx_relaxed_constexpr
    Feature record: CXX_FEATURE:1cxx_return_type_deduction
    Feature record: CXX_FEATURE:1cxx_right_angle_brackets
    Feature record: CXX_FEATURE:1cxx_rvalue_references
    Feature record: CXX_FEATURE:1cxx_sizeof_member
    Feature record: CXX_FEATURE:1cxx_static_assert
    Feature record: CXX_FEATURE:1cxx_strong_enums
    Feature record: CXX_FEATURE:1cxx_template_template_parameters
    Feature record: CXX_FEATURE:1cxx_thread_local
    Feature record: CXX_FEATURE:1cxx_trailing_return_types
    Feature record: CXX_FEATURE:1cxx_unicode_literals
    Feature record: CXX_FEATURE:1cxx_uniform_initialization
    Feature record: CXX_FEATURE:1cxx_unrestricted_unions
    Feature record: CXX_FEATURE:1cxx_user_literals
    Feature record: CXX_FEATURE:1cxx_variable_templates
    Feature record: CXX_FEATURE:1cxx_variadic_macros
    Feature record: CXX_FEATURE:1cxx_variadic_templates


Detecting CXX [-std=c++11] compiler features compiled with the following output:
Change Dir: /home/hinoeng/workspace/Eclipse/uartloop/Debug/CMakeFiles/CMakeTmp

Run Build Command:"/usr/bin/make" "cmTC_52980/fast"
/usr/bin/make -f CMakeFiles/cmTC_52980.dir/build.make CMakeFiles/cmTC_52980.dir/build
make[1]: Entering directory '/home/hinoeng/workspace/Eclipse/uartloop/Debug/CMakeFiles/CMakeTmp'
Building CXX object CMakeFiles/cmTC_52980.dir/feature_tests.cxx.o
/opt/fsl-imx-fb/4.1.15-1.1.1/sysroots/x86_64-pokysdk-linux/usr/bin/arm-poky-linux-gnueabi/arm-poky-linux-gnueabi-g++     --sysroot=/opt/fsl-imx-fb/4.1.15-1.1.1/sysroots/cortexa9hf-vfp-neon-poky-linux-gnueabi  -march=armv7-a -mfloat-abi=hard -mfpu=neon -mtune=cortex-a9  -fpermissive    -std=c++11 -o CMakeFiles/cmTC_52980.dir/feature_tests.cxx.o -c /home/hinoeng/workspace/Eclipse/uartloop/Debug/CMakeFiles/feature_tests.cxx
Linking CXX executable cmTC_52980
/usr/bin/cmake -E cmake_link_script CMakeFiles/cmTC_52980.dir/link.txt --verbose=1
/opt/fsl-imx-fb/4.1.15-1.1.1/sysroots/x86_64-pokysdk-linux/usr/bin/arm-poky-linux-gnueabi/arm-poky-linux-gnueabi-g++      --sysroot=/opt/fsl-imx-fb/4.1.15-1.1.1/sysroots/cortexa9hf-vfp-neon-poky-linux-gnueabi  -march=armv7-a -mfloat-abi=hard -mfpu=neon -mtune=cortex-a9  -fpermissive     --sysroot=/opt/fsl-imx-fb/4.1.15-1.1.1/sysroots/cortexa9hf-vfp-neon-poky-linux-gnueabi  CMakeFiles/cmTC_52980.dir/feature_tests.cxx.o  -o cmTC_52980 -rdynamic 
make[1]: Leaving directory '/home/hinoeng/workspace/Eclipse/uartloop/Debug/CMakeFiles/CMakeTmp'


    Feature record: CXX_FEATURE:0cxx_aggregate_default_initializers
    Feature record: CXX_FEATURE:1cxx_alias_templates
    Feature record: CXX_FEATURE:1cxx_alignas
    Feature record: CXX_FEATURE:1cxx_alignof
    Feature record: CXX_FEATURE:1cxx_attributes
    Feature record: CXX_FEATURE:0cxx_attribute_deprecated
    Feature record: CXX_FEATURE:1cxx_auto_type
    Feature record: CXX_FEATURE:0cxx_binary_literals
    Feature record: CXX_FEATURE:1cxx_constexpr
    Feature record: CXX_FEATURE:0cxx_contextual_conversions
    Feature record: CXX_FEATURE:1cxx_decltype
    Feature record: CXX_FEATURE:0cxx_decltype_auto
    Feature record: CXX_FEATURE:1cxx_decltype_incomplete_return_types
    Feature record: CXX_FEATURE:1cxx_default_function_template_args
    Feature record: CXX_FEATURE:1cxx_defaulted_functions
    Feature record: CXX_FEATURE:1cxx_defaulted_move_initializers
    Feature record: CXX_FEATURE:1cxx_delegating_constructors
    Feature record: CXX_FEATURE:1cxx_deleted_functions
    Feature record: CXX_FEATURE:0cxx_digit_separators
    Feature record: CXX_FEATURE:1cxx_enum_forward_declarations
    Feature record: CXX_FEATURE:1cxx_explicit_conversions
    Feature record: CXX_FEATURE:1cxx_extended_friend_declarations
    Feature record: CXX_FEATURE:1cxx_extern_templates
    Feature record: CXX_FEATURE:1cxx_final
    Feature record: CXX_FEATURE:1cxx_func_identifier
    Feature record: CXX_FEATURE:1cxx_generalized_initializers
    Feature record: CXX_FEATURE:0cxx_generic_lambdas
    Feature record: CXX_FEATURE:1cxx_inheriting_constructors
    Feature record: CXX_FEATURE:1cxx_inline_namespaces
    Feature record: CXX_FEATURE:1cxx_lambdas
    Feature record: CXX_FEATURE:0cxx_lambda_init_captures
    Feature record: CXX_FEATURE:1cxx_local_type_template_args
    Feature record: CXX_FEATURE:1cxx_long_long_type
    Feature record: CXX_FEATURE:1cxx_noexcept
    Feature record: CXX_FEATURE:1cxx_nonstatic_member_init
    Feature record: CXX_FEATURE:1cxx_nullptr
    Feature record: CXX_FEATURE:1cxx_override
    Feature record: CXX_FEATURE:1cxx_range_for
    Feature record: CXX_FEATURE:1cxx_raw_string_literals
    Feature record: CXX_FEATURE:1cxx_reference_qualified_functions
    Feature record: CXX_FEATURE:0cxx_relaxed_constexpr
    Feature record: CXX_FEATURE:0cxx_return_type_deduction
    Feature record: CXX_FEATURE:1cxx_right_angle_brackets
    Feature record: CXX_FEATURE:1cxx_rvalue_references
    Feature record: CXX_FEATURE:1cxx_sizeof_member
    Feature record: CXX_FEATURE:1cxx_static_assert
    Feature record: CXX_FEATURE:1cxx_strong_enums
    Feature record: CXX_FEATURE:1cxx_template_template_parameters
    Feature record: CXX_FEATURE:1cxx_thread_local
    Feature record: CXX_FEATURE:1cxx_trailing_return_types
    Feature record: CXX_FEATURE:1cxx_unicode_literals
    Feature record: CXX_FEATURE:1cxx_uniform_initialization
    Feature record: CXX_FEATURE:1cxx_unrestricted_unions
    Feature record: CXX_FEATURE:1cxx_user_literals
    Feature record: CXX_FEATURE:0cxx_variable_templates
    Feature record: CXX_FEATURE:1cxx_variadic_macros
    Feature record: CXX_FEATURE:1cxx_variadic_templates


Detecting CXX [-std=c++98] compiler features compiled with the following output:
Change Dir: /home/hinoeng/workspace/Eclipse/uartloop/Debug/CMakeFiles/CMakeTmp

Run Build Command:"/usr/bin/make" "cmTC_c42ef/fast"
/usr/bin/make -f CMakeFiles/cmTC_c42ef.dir/build.make CMakeFiles/cmTC_c42ef.dir/build
make[1]: Entering directory '/home/hinoeng/workspace/Eclipse/uartloop/Debug/CMakeFiles/CMakeTmp'
Building CXX object CMakeFiles/cmTC_c42ef.dir/feature_tests.cxx.o
/opt/fsl-imx-fb/4.1.15-1.1.1/sysroots/x86_64-pokysdk-linux/usr/bin/arm-poky-linux-gnueabi/arm-poky-linux-gnueabi-g++     --sysroot=/opt/fsl-imx-fb/4.1.15-1.1.1/sysroots/cortexa9hf-vfp-neon-poky-linux-gnueabi  -march=armv7-a -mfloat-abi=hard -mfpu=neon -mtune=cortex-a9  -fpermissive    -std=c++98 -o CMakeFiles/cmTC_c42ef.dir/feature_tests.cxx.o -c /home/hinoeng/workspace/Eclipse/uartloop/Debug/CMakeFiles/feature_tests.cxx
Linking CXX executable cmTC_c42ef
/usr/bin/cmake -E cmake_link_script CMakeFiles/cmTC_c42ef.dir/link.txt --verbose=1
/opt/fsl-imx-fb/4.1.15-1.1.1/sysroots/x86_64-pokysdk-linux/usr/bin/arm-poky-linux-gnueabi/arm-poky-linux-gnueabi-g++      --sysroot=/opt/fsl-imx-fb/4.1.15-1.1.1/sysroots/cortexa9hf-vfp-neon-poky-linux-gnueabi  -march=armv7-a -mfloat-abi=hard -mfpu=neon -mtune=cortex-a9  -fpermissive     --sysroot=/opt/fsl-imx-fb/4.1.15-1.1.1/sysroots/cortexa9hf-vfp-neon-poky-linux-gnueabi  CMakeFiles/cmTC_c42ef.dir/feature_tests.cxx.o  -o cmTC_c42ef -rdynamic 
make[1]: Leaving directory '/home/hinoeng/workspace/Eclipse/uartloop/Debug/CMakeFiles/CMakeTmp'


    Feature record: CXX_FEATURE:0cxx_aggregate_default_initializers
    Feature record: CXX_FEATURE:0cxx_alias_templates
    Feature record: CXX_FEATURE:0cxx_alignas
    Feature record: CXX_FEATURE:0cxx_alignof
    Feature record: CXX_FEATURE:0cxx_attributes
    Feature record: CXX_FEATURE:0cxx_attribute_deprecated
    Feature record: CXX_FEATURE:0cxx_auto_type
    Feature record: CXX_FEATURE:0cxx_binary_literals
    Feature record: CXX_FEATURE:0cxx_constexpr
    Feature record: CXX_FEATURE:0cxx_contextual_conversions
    Feature record: CXX_FEATURE:0cxx_decltype
    Feature record: CXX_FEATURE:0cxx_decltype_auto
    Feature record: CXX_FEATURE:0cxx_decltype_incomplete_return_types
    Feature record: CXX_FEATURE:0cxx_default_function_template_args
    Feature record: CXX_FEATURE:0cxx_defaulted_functions
    Feature record: CXX_FEATURE:0cxx_defaulted_move_initializers
    Feature record: CXX_FEATURE:0cxx_delegating_constructors
    Feature record: CXX_FEATURE:0cxx_deleted_functions
    Feature record: CXX_FEATURE:0cxx_digit_separators
    Feature record: CXX_FEATURE:0cxx_enum_forward_declarations
    Feature record: CXX_FEATURE:0cxx_explicit_conversions
    Feature record: CXX_FEATURE:0cxx_extended_friend_declarations
    Feature record: CXX_FEATURE:0cxx_extern_templates
    Feature record: CXX_FEATURE:0cxx_final
    Feature record: CXX_FEATURE:0cxx_func_identifier
    Feature record: CXX_FEATURE:0cxx_generalized_initializers
    Feature record: CXX_FEATURE:0cxx_generic_lambdas
    Feature record: CXX_FEATURE:0cxx_inheriting_constructors
    Feature record: CXX_FEATURE:0cxx_inline_namespaces
    Feature record: CXX_FEATURE:0cxx_lambdas
    Feature record: CXX_FEATURE:0cxx_lambda_init_captures
    Feature record: CXX_FEATURE:0cxx_local_type_template_args
    Feature record: CXX_FEATURE:0cxx_long_long_type
    Feature record: CXX_FEATURE:0cxx_noexcept
    Feature record: CXX_FEATURE:0cxx_nonstatic_member_init
    Feature record: CXX_FEATURE:0cxx_nullptr
    Feature record: CXX_FEATURE:0cxx_override
    Feature record: CXX_FEATURE:0cxx_range_for
    Feature record: CXX_FEATURE:0cxx_raw_string_literals
    Feature record: CXX_FEATURE:0cxx_reference_qualified_functions
    Feature record: CXX_FEATURE:0cxx_relaxed_constexpr
    Feature record: CXX_FEATURE:0cxx_return_type_deduction
    Feature record: CXX_FEATURE:0cxx_right_angle_brackets
    Feature record: CXX_FEATURE:0cxx_rvalue_references
    Feature record: CXX_FEATURE:0cxx_sizeof_member
    Feature record: CXX_FEATURE:0cxx_static_assert
    Feature record: CXX_FEATURE:0cxx_strong_enums
    Feature record: CXX_FEATURE:1cxx_template_template_parameters
    Feature record: CXX_FEATURE:0cxx_thread_local
    Feature record: CXX_FEATURE:0cxx_trailing_return_types
    Feature record: CXX_FEATURE:0cxx_unicode_literals
    Feature record: CXX_FEATURE:0cxx_uniform_initialization
    Feature record: CXX_FEATURE:0cxx_unrestricted_unions
    Feature record: CXX_FEATURE:0cxx_user_literals
    Feature record: CXX_FEATURE:0cxx_variable_templates
    Feature record: CXX_FEATURE:0cxx_variadic_macros
    Feature record: CXX_FEATURE:0cxx_variadic_templates
